<?xml version="1.0" encoding="UTF-8"?>
<testng-results ignored="0" total="3" passed="3" failed="0" skipped="0">
  <reporter-output>
  </reporter-output>
  <suite started-at="2024-02-18T18:17:34 IST" name="All Test Suite" finished-at="2024-02-18T18:17:47 IST" duration-ms="13287">
    <groups>
      <group name="cucumber">
        <method signature="AbstractTestNGCucumberTests.runScenario(io.cucumber.testng.PickleWrapper,io.cucumber.testng.FeatureWrapper)[pri:0, instance:runner.TestRunner@c260bdc]" name="runScenario" class="io.cucumber.testng.AbstractTestNGCucumberTests"/>
      </group> <!-- cucumber -->
    </groups>
    <test started-at="2024-02-18T18:17:34 IST" name="Smoke test scenarios" finished-at="2024-02-18T18:17:47 IST" duration-ms="13287">
      <class name="runner.TestRunner">
        <test-method is-config="true" signature="setUpClass(org.testng.ITestContext)[pri:0, instance:runner.TestRunner@c260bdc]" started-at="2024-02-18T18:17:34 IST" name="setUpClass" finished-at="2024-02-18T18:17:35 IST" duration-ms="1790" status="PASS">
          <params>
            <param index="0">
              <value>
                <![CDATA[org.testng.TestRunner@24faea88]]>
              </value>
            </param>
          </params>
          <reporter-output>
          </reporter-output>
        </test-method> <!-- setUpClass -->
        <test-method is-config="true" signature="setUp()[pri:0, instance:runner.TestRunner@c260bdc]" started-at="2024-02-18T18:17:35 IST" name="setUp" finished-at="2024-02-18T18:17:41 IST" duration-ms="5914" status="PASS">
          <reporter-output>
          </reporter-output>
        </test-method> <!-- setUp -->
        <test-method signature="runScenario(io.cucumber.testng.PickleWrapper,io.cucumber.testng.FeatureWrapper)[pri:0, instance:runner.TestRunner@c260bdc]" started-at="2024-02-18T18:17:41 IST" name="runScenario" description="Runs Cucumber Scenarios" data-provider="scenarios" finished-at="2024-02-18T18:17:43 IST" duration-ms="1676" status="PASS">
          <params>
            <param index="0">
              <value>
                <![CDATA["User should able to login successfully"]]>
              </value>
            </param>
            <param index="1">
              <value>
                <![CDATA["Validate login page is working as expected"]]>
              </value>
            </param>
          </params>
          <reporter-output>
          </reporter-output>
        </test-method> <!-- runScenario -->
        <test-method is-config="true" signature="setUp()[pri:0, instance:runner.TestRunner@c260bdc]" started-at="2024-02-18T18:17:43 IST" name="setUp" finished-at="2024-02-18T18:17:43 IST" duration-ms="1" status="PASS">
          <reporter-output>
          </reporter-output>
        </test-method> <!-- setUp -->
        <test-method signature="runScenario(io.cucumber.testng.PickleWrapper,io.cucumber.testng.FeatureWrapper)[pri:0, instance:runner.TestRunner@c260bdc]" started-at="2024-02-18T18:17:43 IST" name="runScenario" description="Runs Cucumber Scenarios" data-provider="scenarios" finished-at="2024-02-18T18:17:44 IST" duration-ms="1026" status="PASS">
          <params>
            <param index="0">
              <value>
                <![CDATA["User should able to register successfully"]]>
              </value>
            </param>
            <param index="1">
              <value>
                <![CDATA["Verify that user should be able to register successfully"]]>
              </value>
            </param>
          </params>
          <reporter-output>
          </reporter-output>
        </test-method> <!-- runScenario -->
        <test-method is-config="true" signature="setUp()[pri:0, instance:runner.TestRunner@c260bdc]" started-at="2024-02-18T18:17:44 IST" name="setUp" finished-at="2024-02-18T18:17:44 IST" duration-ms="0" status="PASS">
          <reporter-output>
          </reporter-output>
        </test-method> <!-- setUp -->
        <test-method signature="runScenario(io.cucumber.testng.PickleWrapper,io.cucumber.testng.FeatureWrapper)[pri:0, instance:runner.TestRunner@c260bdc]" started-at="2024-02-18T18:17:44 IST" name="runScenario" description="Runs Cucumber Scenarios" data-provider="scenarios" finished-at="2024-02-18T18:17:46 IST" duration-ms="1432" status="PASS">
          <params>
            <param index="0">
              <value>
                <![CDATA["User should able to test Textbox Test Page"]]>
              </value>
            </param>
            <param index="1">
              <value>
                <![CDATA["Verify that user should be able to test Textbox Test Page"]]>
              </value>
            </param>
          </params>
          <reporter-output>
          </reporter-output>
        </test-method> <!-- runScenario -->
        <test-method is-config="true" signature="closeBrowser()[pri:0, instance:runner.TestRunner@c260bdc]" started-at="2024-02-18T18:17:46 IST" name="closeBrowser" finished-at="2024-02-18T18:17:46 IST" duration-ms="393" status="PASS">
          <reporter-output>
          </reporter-output>
        </test-method> <!-- closeBrowser -->
        <test-method is-config="true" signature="tearDownClass()[pri:0, instance:runner.TestRunner@c260bdc]" started-at="2024-02-18T18:17:46 IST" name="tearDownClass" finished-at="2024-02-18T18:17:47 IST" duration-ms="967" status="PASS">
          <reporter-output>
          </reporter-output>
        </test-method> <!-- tearDownClass -->
      </class> <!-- runner.TestRunner -->
    </test> <!-- Smoke test scenarios -->
  </suite> <!-- All Test Suite -->
</testng-results>
